d:\my_program\c-c++\vs2022\harcode\debug\harcode.pch
d:\my_program\c-c++\vs2022\harcode\debug\vc143.pdb
d:\my_program\c-c++\vs2022\harcode\debug\vc143.idb
d:\my_program\c-c++\vs2022\harcode\debug\pch.obj
d:\my_program\c-c++\vs2022\harcode\debug\hutil.obj
d:\my_program\c-c++\vs2022\harcode\debug\httpserver.obj
d:\my_program\c-c++\vs2022\harcode\debug\htools.obj
d:\my_program\c-c++\vs2022\harcode\debug\hookcall.obj
d:\my_program\c-c++\vs2022\harcode\debug\dllmain.obj
d:\my_program\c-c++\vs2022\harcode\debug\cjson.obj
d:\my_program\c-c++\vs2022\harcode\debug\tinyxml2.obj
d:\my_program\c-c++\vs2022\harcode\debug\md5.obj
d:\my_program\c-c++\vs2022\harcode\debug\cjsonobject.obj
d:\my_program\c-c++\vs2022\harcode\debug\harcode.ilk
d:\my_program\c-c++\vs2022\harcode\debug\harcode.dll
d:\my_program\c-c++\vs2022\harcode\debug\harcode.pdb
d:\my_program\c-c++\vs2022\harcode\debug\harcode.tlog\cl.command.1.tlog
d:\my_program\c-c++\vs2022\harcode\debug\harcode.tlog\cl.read.1.tlog
d:\my_program\c-c++\vs2022\harcode\debug\harcode.tlog\cl.write.1.tlog
d:\my_program\c-c++\vs2022\harcode\debug\harcode.tlog\link.command.1.tlog
d:\my_program\c-c++\vs2022\harcode\debug\harcode.tlog\link.read.1.tlog
d:\my_program\c-c++\vs2022\harcode\debug\harcode.tlog\link.write.1.tlog
