d:\my_program\c-c++\vs2022\harcode\release\harcode.pch
d:\my_program\c-c++\vs2022\harcode\release\vc143.pdb
d:\my_program\c-c++\vs2022\harcode\release\pch.obj
d:\my_program\c-c++\vs2022\harcode\release\hutil.obj
d:\my_program\c-c++\vs2022\harcode\release\httpserver.obj
d:\my_program\c-c++\vs2022\harcode\release\htools.obj
d:\my_program\c-c++\vs2022\harcode\release\hookcall.obj
d:\my_program\c-c++\vs2022\harcode\release\dllmain.obj
d:\my_program\c-c++\vs2022\harcode\release\cjson.obj
d:\my_program\c-c++\vs2022\harcode\release\tinyxml2.obj
d:\my_program\c-c++\vs2022\harcode\release\md5.obj
d:\my_program\c-c++\vs2022\harcode\release\cjsonobject.obj
d:\my_program\c-c++\vs2022\harcode\release\harcode.dll
d:\my_program\c-c++\vs2022\harcode\release\harcode.pdb
d:\my_program\c-c++\vs2022\harcode\release\harcode.ipdb
d:\my_program\c-c++\vs2022\harcode\release\harcode.iobj
d:\my_program\c-c++\vs2022\harcode\release\harcode.tlog\cl.command.1.tlog
d:\my_program\c-c++\vs2022\harcode\release\harcode.tlog\cl.read.1.tlog
d:\my_program\c-c++\vs2022\harcode\release\harcode.tlog\cl.write.1.tlog
d:\my_program\c-c++\vs2022\harcode\release\harcode.tlog\link.command.1.tlog
d:\my_program\c-c++\vs2022\harcode\release\harcode.tlog\link.read.1.tlog
d:\my_program\c-c++\vs2022\harcode\release\harcode.tlog\link.write.1.tlog
d:\my_program\c-c++\vs2022\harcode\release\harcode.tlog\link.write.2u.tlog
